<?xml version="1.0" encoding="UTF-8"?>
<!-- Generated by org.testng.reporters.JUnitReportReporter -->
<testsuite skipped="0" hostname="DESKTOP-8OQGMNA" name="com.insider.test.SocialLinksTest" tests="1" failures="0" timestamp="22 Apr 2019 16:09:57 GMT" time="8.045" errors="0">
  <testcase name="verifySocialLinks" time="8.045" classname="com.insider.test.SocialLinksTest"/>
</testsuite> <!-- com.insider.test.SocialLinksTest -->
