<?xml version="1.0" encoding="UTF-8"?>
<!-- Generated by org.testng.reporters.JUnitReportReporter -->
<testsuite skipped="0" hostname="DESKTOP-8OQGMNA" name="com.insider.test.ShareBarTest" tests="1" failures="0" timestamp="22 Apr 2019 16:09:57 GMT" time="0.856" errors="0">
  <testcase name="verifyButtonExpands" time="0.856" classname="com.insider.test.ShareBarTest"/>
</testsuite> <!-- com.insider.test.ShareBarTest -->
