<?xml version="1.0" encoding="UTF-8"?>
<!-- Generated by org.testng.reporters.JUnitReportReporter -->
<testsuite skipped="0" hostname="DESKTOP-8OQGMNA" name="com.insider.test.SocialLinksStatusCodeTest" tests="1" failures="0" timestamp="22 Apr 2019 16:09:57 GMT" time="2.905" errors="0">
  <testcase name="verifySocialLinks" time="2.905" classname="com.insider.test.SocialLinksStatusCodeTest"/>
</testsuite> <!-- com.insider.test.SocialLinksStatusCodeTest -->
